app/build/intermediates/manifest_merge_blame_file/debug/manifest-merger-blame-debug-report.txt
1<?xml version="1.0" encoding="utf-8"?>
2<manifest xmlns:android="http://schemas.android.com/apk/res/android"
3    package="com.menugreycorner"
4    android:versionCode="2"
5    android:versionName="2.0" >
6
7    <uses-sdk
8        android:minSdkVersion="24"
9        android:targetSdkVersion="34" />
10
11    <!--
12         ═══════════════════════════════════════════════════════════
13         PERMISSIONS
14         ═══════════════════════════════════════════════════════════
15    -->
16
17
18    <!-- Réseau -->
19    <uses-permission android:name="android.permission.INTERNET" />
19-->src\main\AndroidManifest.xml:10:5-66
19-->src\main\AndroidManifest.xml:10:22-64
20    <uses-permission android:name="android.permission.ACCESS_NETWORK_STATE" />
20-->src\main\AndroidManifest.xml:11:5-78
20-->src\main\AndroidManifest.xml:11:22-76
21
22    <!-- Notifications (Android 13+) -->
23    <uses-permission android:name="android.permission.POST_NOTIFICATIONS" />
23-->src\main\AndroidManifest.xml:14:5-76
23-->src\main\AndroidManifest.xml:14:22-74
24
25    <!-- Réveil CPU / Écran -->
26    <uses-permission android:name="android.permission.WAKE_LOCK" />
26-->src\main\AndroidManifest.xml:17:5-67
26-->src\main\AndroidManifest.xml:17:22-65
27    <uses-permission android:name="android.permission.VIBRATE" />
27-->src\main\AndroidManifest.xml:18:5-65
27-->src\main\AndroidManifest.xml:18:22-63
28
29    <!-- Notification plein écran (écran verrouillé) -->
30    <uses-permission android:name="android.permission.USE_FULL_SCREEN_INTENT" />
30-->src\main\AndroidManifest.xml:21:5-80
30-->src\main\AndroidManifest.xml:21:22-78
31
32    <!-- Service foreground -->
33    <uses-permission android:name="android.permission.FOREGROUND_SERVICE" />
33-->src\main\AndroidManifest.xml:24:5-76
33-->src\main\AndroidManifest.xml:24:22-74
34    <uses-permission android:name="android.permission.FOREGROUND_SERVICE_DATA_SYNC" />
34-->src\main\AndroidManifest.xml:25:5-86
34-->src\main\AndroidManifest.xml:25:22-84
35
36    <!-- Démarrage au boot (persistance après reboot) -->
37    <uses-permission android:name="android.permission.RECEIVE_BOOT_COMPLETED" />
37-->src\main\AndroidManifest.xml:28:5-80
37-->src\main\AndroidManifest.xml:28:22-78
38
39    <!-- Exemption battery optimization -->
40    <uses-permission android:name="android.permission.REQUEST_IGNORE_BATTERY_OPTIMIZATIONS" />
40-->src\main\AndroidManifest.xml:31:5-94
40-->src\main\AndroidManifest.xml:31:22-92
41
42    <!-- Required by older versions of Google Play services to create IID tokens -->
43    <uses-permission android:name="com.google.android.c2dm.permission.RECEIVE" />
43-->[com.google.firebase:firebase-messaging:24.0.3] AndroidManifest.xml:26:5-82
43-->[com.google.firebase:firebase-messaging:24.0.3] AndroidManifest.xml:26:22-79
44
45    <permission
45-->[androidx.core:core:1.13.1] AndroidManifest.xml:22:5-24:47
46        android:name="com.menugreycorner.DYNAMIC_RECEIVER_NOT_EXPORTED_PERMISSION"
46-->[androidx.core:core:1.13.1] AndroidManifest.xml:23:9-81
47        android:protectionLevel="signature" />
47-->[androidx.core:core:1.13.1] AndroidManifest.xml:24:9-44
48
49    <uses-permission android:name="com.menugreycorner.DYNAMIC_RECEIVER_NOT_EXPORTED_PERMISSION" />
49-->[androidx.core:core:1.13.1] AndroidManifest.xml:26:5-97
49-->[androidx.core:core:1.13.1] AndroidManifest.xml:26:22-94
50    <!--
51 ═══════════════════════════════════════════════════════════
52         APPLICATION
53         ═══════════════════════════════════════════════════════════
54    -->
55    <application
55-->src\main\AndroidManifest.xml:37:5-101:19
56        android:allowBackup="true"
56-->src\main\AndroidManifest.xml:38:9-35
57        android:appComponentFactory="androidx.core.app.CoreComponentFactory"
57-->[androidx.core:core:1.13.1] AndroidManifest.xml:28:18-86
58        android:debuggable="true"
59        android:extractNativeLibs="false"
60        android:icon="@drawable/ic_launcher"
60-->src\main\AndroidManifest.xml:39:9-45
61        android:label="Grey Corner Serveurs"
61-->src\main\AndroidManifest.xml:40:9-45
62        android:roundIcon="@drawable/ic_launcher"
62-->src\main\AndroidManifest.xml:41:9-50
63        android:supportsRtl="true"
63-->src\main\AndroidManifest.xml:42:9-35
64        android:theme="@style/Theme.AppCompat.NoActionBar"
64-->src\main\AndroidManifest.xml:43:9-59
65        android:usesCleartextTraffic="false" >
65-->src\main\AndroidManifest.xml:44:9-45
66
67        <!-- ─── Activité principale ─────────────────────────────── -->
68        <activity
68-->src\main\AndroidManifest.xml:47:9-58:20
69            android:name="com.menugreycorner.MainActivity"
69-->src\main\AndroidManifest.xml:48:13-41
70            android:exported="true"
70-->src\main\AndroidManifest.xml:49:13-36
71            android:launchMode="singleTop"
71-->src\main\AndroidManifest.xml:50:13-43
72            android:screenOrientation="portrait"
72-->src\main\AndroidManifest.xml:51:13-49
73            android:showOnLockScreen="true"
73-->src\main\AndroidManifest.xml:52:13-44
74            android:turnScreenOn="true" >
74-->src\main\AndroidManifest.xml:53:13-40
75            <intent-filter>
75-->src\main\AndroidManifest.xml:54:13-57:29
76                <action android:name="android.intent.action.MAIN" />
76-->src\main\AndroidManifest.xml:55:17-68
76-->src\main\AndroidManifest.xml:55:25-66
77
78                <category android:name="android.intent.category.LAUNCHER" />
78-->src\main\AndroidManifest.xml:56:17-76
78-->src\main\AndroidManifest.xml:56:27-74
79            </intent-filter>
80        </activity>
81
82        <!-- ─── ForegroundService de secours (fallback poller) ──── -->
83        <service
83-->src\main\AndroidManifest.xml:61:9-66:43
84            android:name="com.menugreycorner.WaiterForegroundService"
84-->src\main\AndroidManifest.xml:62:13-52
85            android:enabled="true"
85-->src\main\AndroidManifest.xml:63:13-35
86            android:exported="false"
86-->src\main\AndroidManifest.xml:64:13-37
87            android:foregroundServiceType="dataSync"
87-->src\main\AndroidManifest.xml:65:13-53
88            android:stopWithTask="false" />
88-->src\main\AndroidManifest.xml:66:13-41
89
90        <!-- ─── Service FCM HIGH PRIORITY (système principal) ───── -->
91        <!--
92            Ce service reçoit les DATA MESSAGES FCM envoyés par la
93            Cloud Function. Il est déclenché par le système Android
94            même si l'application est tuée ou en arrière-plan.
95            android:exported="false" → seul le système Google peut l'appeler.
96        -->
97        <service
97-->src\main\AndroidManifest.xml:75:9-81:19
98            android:name="com.menugreycorner.WaiterFirebaseMessagingService"
98-->src\main\AndroidManifest.xml:76:13-59
99            android:exported="false" >
99-->src\main\AndroidManifest.xml:77:13-37
100            <intent-filter>
100-->src\main\AndroidManifest.xml:78:13-80:29
101                <action android:name="com.google.firebase.MESSAGING_EVENT" />
101-->src\main\AndroidManifest.xml:79:17-77
101-->src\main\AndroidManifest.xml:79:25-75
102            </intent-filter>
103        </service>
104
105        <!-- ─── BootReceiver (redémarrage après reboot) ──────────── -->
106        <!--
107            Relance le ForegroundService et re-souscrit au topic FCM
108            automatiquement après un redémarrage du téléphone.
109            Compatible : BOOT_COMPLETED + Xiaomi QUICKBOOT_POWERON.
110        -->
111        <receiver
111-->src\main\AndroidManifest.xml:89:9-99:20
112            android:name="com.menugreycorner.BootReceiver"
112-->src\main\AndroidManifest.xml:90:13-41
113            android:enabled="true"
113-->src\main\AndroidManifest.xml:91:13-35
114            android:exported="true" >
114-->src\main\AndroidManifest.xml:92:13-36
115            <intent-filter>
115-->src\main\AndroidManifest.xml:93:13-98:29
116                <action android:name="android.intent.action.BOOT_COMPLETED" />
116-->src\main\AndroidManifest.xml:94:17-78
116-->src\main\AndroidManifest.xml:94:25-76
117                <action android:name="android.intent.action.QUICKBOOT_POWERON" />
117-->src\main\AndroidManifest.xml:95:17-81
117-->src\main\AndroidManifest.xml:95:25-79
118                <action android:name="android.intent.action.REBOOT" />
118-->src\main\AndroidManifest.xml:96:17-70
118-->src\main\AndroidManifest.xml:96:25-68
119
120                <category android:name="android.intent.category.DEFAULT" />
120-->src\main\AndroidManifest.xml:97:17-75
120-->src\main\AndroidManifest.xml:97:27-73
121            </intent-filter>
122        </receiver>
123        <receiver
123-->[com.google.firebase:firebase-messaging:24.0.3] AndroidManifest.xml:29:9-40:20
124            android:name="com.google.firebase.iid.FirebaseInstanceIdReceiver"
124-->[com.google.firebase:firebase-messaging:24.0.3] AndroidManifest.xml:30:13-78
125            android:exported="true"
125-->[com.google.firebase:firebase-messaging:24.0.3] AndroidManifest.xml:31:13-36
126            android:permission="com.google.android.c2dm.permission.SEND" >
126-->[com.google.firebase:firebase-messaging:24.0.3] AndroidManifest.xml:32:13-73
127            <intent-filter>
127-->[com.google.firebase:firebase-messaging:24.0.3] AndroidManifest.xml:33:13-35:29
128                <action android:name="com.google.android.c2dm.intent.RECEIVE" />
128-->[com.google.firebase:firebase-messaging:24.0.3] AndroidManifest.xml:34:17-81
128-->[com.google.firebase:firebase-messaging:24.0.3] AndroidManifest.xml:34:25-78
129            </intent-filter>
130
131            <meta-data
131-->[com.google.firebase:firebase-messaging:24.0.3] AndroidManifest.xml:37:13-39:40
132                android:name="com.google.android.gms.cloudmessaging.FINISHED_AFTER_HANDLED"
132-->[com.google.firebase:firebase-messaging:24.0.3] AndroidManifest.xml:38:17-92
133                android:value="true" />
133-->[com.google.firebase:firebase-messaging:24.0.3] AndroidManifest.xml:39:17-37
134        </receiver>
135        <!--
136             FirebaseMessagingService performs security checks at runtime,
137             but set to not exported to explicitly avoid allowing another app to call it.
138        -->
139        <service
139-->[com.google.firebase:firebase-messaging:24.0.3] AndroidManifest.xml:46:9-53:19
140            android:name="com.google.firebase.messaging.FirebaseMessagingService"
140-->[com.google.firebase:firebase-messaging:24.0.3] AndroidManifest.xml:47:13-82
141            android:directBootAware="true"
141-->[com.google.firebase:firebase-messaging:24.0.3] AndroidManifest.xml:48:13-43
142            android:exported="false" >
142-->[com.google.firebase:firebase-messaging:24.0.3] AndroidManifest.xml:49:13-37
143            <intent-filter android:priority="-500" >
143-->src\main\AndroidManifest.xml:78:13-80:29
144                <action android:name="com.google.firebase.MESSAGING_EVENT" />
144-->src\main\AndroidManifest.xml:79:17-77
144-->src\main\AndroidManifest.xml:79:25-75
145            </intent-filter>
146        </service>
147        <service
147-->[com.google.firebase:firebase-messaging:24.0.3] AndroidManifest.xml:54:9-63:19
148            android:name="com.google.firebase.components.ComponentDiscoveryService"
148-->[com.google.firebase:firebase-messaging:24.0.3] AndroidManifest.xml:55:13-84
149            android:directBootAware="true"
149-->[com.google.firebase:firebase-common:21.0.0] AndroidManifest.xml:32:13-43
150            android:exported="false" >
150-->[com.google.firebase:firebase-messaging:24.0.3] AndroidManifest.xml:56:13-37
151            <meta-data
151-->[com.google.firebase:firebase-messaging:24.0.3] AndroidManifest.xml:57:13-59:85
152                android:name="com.google.firebase.components:com.google.firebase.messaging.FirebaseMessagingKtxRegistrar"
152-->[com.google.firebase:firebase-messaging:24.0.3] AndroidManifest.xml:58:17-122
153                android:value="com.google.firebase.components.ComponentRegistrar" />
153-->[com.google.firebase:firebase-messaging:24.0.3] AndroidManifest.xml:59:17-82
154            <meta-data
154-->[com.google.firebase:firebase-messaging:24.0.3] AndroidManifest.xml:60:13-62:85
155                android:name="com.google.firebase.components:com.google.firebase.messaging.FirebaseMessagingRegistrar"
155-->[com.google.firebase:firebase-messaging:24.0.3] AndroidManifest.xml:61:17-119
156                android:value="com.google.firebase.components.ComponentRegistrar" />
156-->[com.google.firebase:firebase-messaging:24.0.3] AndroidManifest.xml:62:17-82
157            <meta-data
157-->[com.google.firebase:firebase-installations:18.0.0] AndroidManifest.xml:15:13-17:85
158                android:name="com.google.firebase.components:com.google.firebase.installations.FirebaseInstallationsKtxRegistrar"
158-->[com.google.firebase:firebase-installations:18.0.0] AndroidManifest.xml:16:17-130
159                android:value="com.google.firebase.components.ComponentRegistrar" />
159-->[com.google.firebase:firebase-installations:18.0.0] AndroidManifest.xml:17:17-82
160            <meta-data
160-->[com.google.firebase:firebase-installations:18.0.0] AndroidManifest.xml:18:13-20:85
161                android:name="com.google.firebase.components:com.google.firebase.installations.FirebaseInstallationsRegistrar"
161-->[com.google.firebase:firebase-installations:18.0.0] AndroidManifest.xml:19:17-127
162                android:value="com.google.firebase.components.ComponentRegistrar" />
162-->[com.google.firebase:firebase-installations:18.0.0] AndroidManifest.xml:20:17-82
163            <meta-data
163-->[com.google.firebase:firebase-common-ktx:21.0.0] AndroidManifest.xml:12:13-14:85
164                android:name="com.google.firebase.components:com.google.firebase.ktx.FirebaseCommonLegacyRegistrar"
164-->[com.google.firebase:firebase-common-ktx:21.0.0] AndroidManifest.xml:13:17-116
165                android:value="com.google.firebase.components.ComponentRegistrar" />
165-->[com.google.firebase:firebase-common-ktx:21.0.0] AndroidManifest.xml:14:17-82
166            <meta-data
166-->[com.google.firebase:firebase-common:21.0.0] AndroidManifest.xml:35:13-37:85
167                android:name="com.google.firebase.components:com.google.firebase.FirebaseCommonKtxRegistrar"
167-->[com.google.firebase:firebase-common:21.0.0] AndroidManifest.xml:36:17-109
168                android:value="com.google.firebase.components.ComponentRegistrar" />
168-->[com.google.firebase:firebase-common:21.0.0] AndroidManifest.xml:37:17-82
169            <meta-data
169-->[com.google.firebase:firebase-datatransport:18.2.0] AndroidManifest.xml:25:13-27:85
170                android:name="com.google.firebase.components:com.google.firebase.datatransport.TransportRegistrar"
170-->[com.google.firebase:firebase-datatransport:18.2.0] AndroidManifest.xml:26:17-115
171                android:value="com.google.firebase.components.ComponentRegistrar" />
171-->[com.google.firebase:firebase-datatransport:18.2.0] AndroidManifest.xml:27:17-82
172        </service>
173
174        <activity
174-->[com.google.android.gms:play-services-base:18.0.1] AndroidManifest.xml:20:9-22:45
175            android:name="com.google.android.gms.common.api.GoogleApiActivity"
175-->[com.google.android.gms:play-services-base:18.0.1] AndroidManifest.xml:20:19-85
176            android:exported="false"
176-->[com.google.android.gms:play-services-base:18.0.1] AndroidManifest.xml:22:19-43
177            android:theme="@android:style/Theme.Translucent.NoTitleBar" />
177-->[com.google.android.gms:play-services-base:18.0.1] AndroidManifest.xml:21:19-78
178
179        <provider
179-->[com.google.firebase:firebase-common:21.0.0] AndroidManifest.xml:23:9-28:39
180            android:name="com.google.firebase.provider.FirebaseInitProvider"
180-->[com.google.firebase:firebase-common:21.0.0] AndroidManifest.xml:24:13-77
181            android:authorities="com.menugreycorner.firebaseinitprovider"
181-->[com.google.firebase:firebase-common:21.0.0] AndroidManifest.xml:25:13-72
182            android:directBootAware="true"
182-->[com.google.firebase:firebase-common:21.0.0] AndroidManifest.xml:26:13-43
183            android:exported="false"
183-->[com.google.firebase:firebase-common:21.0.0] AndroidManifest.xml:27:13-37
184            android:initOrder="100" />
184-->[com.google.firebase:firebase-common:21.0.0] AndroidManifest.xml:28:13-36
185        <provider
185-->[androidx.emoji2:emoji2:1.3.0] AndroidManifest.xml:24:9-32:20
186            android:name="androidx.startup.InitializationProvider"
186-->[androidx.emoji2:emoji2:1.3.0] AndroidManifest.xml:25:13-67
187            android:authorities="com.menugreycorner.androidx-startup"
187-->[androidx.emoji2:emoji2:1.3.0] AndroidManifest.xml:26:13-68
188            android:exported="false" >
188-->[androidx.emoji2:emoji2:1.3.0] AndroidManifest.xml:27:13-37
189            <meta-data
189-->[androidx.emoji2:emoji2:1.3.0] AndroidManifest.xml:29:13-31:52
190                android:name="androidx.emoji2.text.EmojiCompatInitializer"
190-->[androidx.emoji2:emoji2:1.3.0] AndroidManifest.xml:30:17-75
191                android:value="androidx.startup" />
191-->[androidx.emoji2:emoji2:1.3.0] AndroidManifest.xml:31:17-49
192            <meta-data
192-->[androidx.lifecycle:lifecycle-process:2.6.2] AndroidManifest.xml:29:13-31:52
193                android:name="androidx.lifecycle.ProcessLifecycleInitializer"
193-->[androidx.lifecycle:lifecycle-process:2.6.2] AndroidManifest.xml:30:17-78
194                android:value="androidx.startup" />
194-->[androidx.lifecycle:lifecycle-process:2.6.2] AndroidManifest.xml:31:17-49
195            <meta-data
195-->[androidx.profileinstaller:profileinstaller:1.3.1] AndroidManifest.xml:29:13-31:52
196                android:name="androidx.profileinstaller.ProfileInstallerInitializer"
196-->[androidx.profileinstaller:profileinstaller:1.3.1] AndroidManifest.xml:30:17-85
197                android:value="androidx.startup" />
197-->[androidx.profileinstaller:profileinstaller:1.3.1] AndroidManifest.xml:31:17-49
198        </provider>
199
200        <meta-data
200-->[com.google.android.gms:play-services-basement:18.3.0] AndroidManifest.xml:21:9-23:69
201            android:name="com.google.android.gms.version"
201-->[com.google.android.gms:play-services-basement:18.3.0] AndroidManifest.xml:22:13-58
202            android:value="@integer/google_play_services_version" />
202-->[com.google.android.gms:play-services-basement:18.3.0] AndroidManifest.xml:23:13-66
203
204        <service
204-->[com.google.android.datatransport:transport-backend-cct:3.1.9] AndroidManifest.xml:28:9-34:19
205            android:name="com.google.android.datatransport.runtime.backends.TransportBackendDiscovery"
205-->[com.google.android.datatransport:transport-backend-cct:3.1.9] AndroidManifest.xml:29:13-103
206            android:exported="false" >
206-->[com.google.android.datatransport:transport-backend-cct:3.1.9] AndroidManifest.xml:30:13-37
207            <meta-data
207-->[com.google.android.datatransport:transport-backend-cct:3.1.9] AndroidManifest.xml:31:13-33:39
208                android:name="backend:com.google.android.datatransport.cct.CctBackendFactory"
208-->[com.google.android.datatransport:transport-backend-cct:3.1.9] AndroidManifest.xml:32:17-94
209                android:value="cct" />
209-->[com.google.android.datatransport:transport-backend-cct:3.1.9] AndroidManifest.xml:33:17-36
210        </service>
211        <service
211-->[com.google.android.datatransport:transport-runtime:3.1.9] AndroidManifest.xml:26:9-30:19
212            android:name="com.google.android.datatransport.runtime.scheduling.jobscheduling.JobInfoSchedulerService"
212-->[com.google.android.datatransport:transport-runtime:3.1.9] AndroidManifest.xml:27:13-117
213            android:exported="false"
213-->[com.google.android.datatransport:transport-runtime:3.1.9] AndroidManifest.xml:28:13-37
214            android:permission="android.permission.BIND_JOB_SERVICE" >
214-->[com.google.android.datatransport:transport-runtime:3.1.9] AndroidManifest.xml:29:13-69
215        </service>
216
217        <receiver
217-->[com.google.android.datatransport:transport-runtime:3.1.9] AndroidManifest.xml:32:9-34:40
218            android:name="com.google.android.datatransport.runtime.scheduling.jobscheduling.AlarmManagerSchedulerBroadcastReceiver"
218-->[com.google.android.datatransport:transport-runtime:3.1.9] AndroidManifest.xml:33:13-132
219            android:exported="false" />
219-->[com.google.android.datatransport:transport-runtime:3.1.9] AndroidManifest.xml:34:13-37
220        <receiver
220-->[androidx.profileinstaller:profileinstaller:1.3.1] AndroidManifest.xml:34:9-52:20
221            android:name="androidx.profileinstaller.ProfileInstallReceiver"
221-->[androidx.profileinstaller:profileinstaller:1.3.1] AndroidManifest.xml:35:13-76
222            android:directBootAware="false"
222-->[androidx.profileinstaller:profileinstaller:1.3.1] AndroidManifest.xml:36:13-44
223            android:enabled="true"
223-->[androidx.profileinstaller:profileinstaller:1.3.1] AndroidManifest.xml:37:13-35
224            android:exported="true"
224-->[androidx.profileinstaller:profileinstaller:1.3.1] AndroidManifest.xml:38:13-36
225            android:permission="android.permission.DUMP" >
225-->[androidx.profileinstaller:profileinstaller:1.3.1] AndroidManifest.xml:39:13-57
226            <intent-filter>
226-->[androidx.profileinstaller:profileinstaller:1.3.1] AndroidManifest.xml:40:13-42:29
227                <action android:name="androidx.profileinstaller.action.INSTALL_PROFILE" />
227-->[androidx.profileinstaller:profileinstaller:1.3.1] AndroidManifest.xml:41:17-91
227-->[androidx.profileinstaller:profileinstaller:1.3.1] AndroidManifest.xml:41:25-88
228            </intent-filter>
229            <intent-filter>
229-->[androidx.profileinstaller:profileinstaller:1.3.1] AndroidManifest.xml:43:13-45:29
230                <action android:name="androidx.profileinstaller.action.SKIP_FILE" />
230-->[androidx.profileinstaller:profileinstaller:1.3.1] AndroidManifest.xml:44:17-85
230-->[androidx.profileinstaller:profileinstaller:1.3.1] AndroidManifest.xml:44:25-82
231            </intent-filter>
232            <intent-filter>
232-->[androidx.profileinstaller:profileinstaller:1.3.1] AndroidManifest.xml:46:13-48:29
233                <action android:name="androidx.profileinstaller.action.SAVE_PROFILE" />
233-->[androidx.profileinstaller:profileinstaller:1.3.1] AndroidManifest.xml:47:17-88
233-->[androidx.profileinstaller:profileinstaller:1.3.1] AndroidManifest.xml:47:25-85
234            </intent-filter>
235            <intent-filter>
235-->[androidx.profileinstaller:profileinstaller:1.3.1] AndroidManifest.xml:49:13-51:29
236                <action android:name="androidx.profileinstaller.action.BENCHMARK_OPERATION" />
236-->[androidx.profileinstaller:profileinstaller:1.3.1] AndroidManifest.xml:50:17-95
236-->[androidx.profileinstaller:profileinstaller:1.3.1] AndroidManifest.xml:50:25-92
237            </intent-filter>
238        </receiver>
239    </application>
240
241</manifest>